<?xml version="1.0" encoding="UTF-8"?>
<!-- Generated by org.testng.reporters.JUnitReportReporter -->
<testsuite hostname="DESKTOP-J7DNQ9P" failures="0" tests="3" name="Adactin_Testcases.Adactin_DatadrivenTest_002" time="3.552" errors="0" timestamp="2024-05-31T15:51:54 IST" skipped="0">
  <testcase classname="Adactin_Testcases.Adactin_DatadrivenTest_002" name="datadriventest" time="1.019"/>
  <testcase classname="Adactin_Testcases.Adactin_DatadrivenTest_002" name="datadriventest" time="1.432"/>
  <testcase classname="Adactin_Testcases.Adactin_DatadrivenTest_002" name="datadriventest" time="1.101"/>
</testsuite> <!-- Adactin_Testcases.Adactin_DatadrivenTest_002 -->
