<?xml version="1.0" encoding="UTF-8"?>
<!-- Generated by org.testng.reporters.JUnitReportReporter -->
<testsuite hostname="DESKTOP-J7DNQ9P" failures="0" tests="1" name="Adactin_Testcases.TC_Adactin_LoginTest_001" time="4.183" errors="0" timestamp="2024-05-27T11:11:01 IST" skipped="0">
  <testcase classname="Adactin_Testcases.TC_Adactin_LoginTest_001" name="LoginTest" time="4.183"/>
</testsuite> <!-- Adactin_Testcases.TC_Adactin_LoginTest_001 -->
